Epoch 1  Train_Loss 0.695778  Val_Loss 0.200020  Train_SNR_Before 4.44  Train_SNR_After -0.27  Train_SNR_Imp -4.71  Val_SNR_Before 5.46  Val_SNR_After -0.51  Val_SNR_Imp -5.98
Epoch 2  Train_Loss 0.098583  Val_Loss 0.059655  Train_SNR_Before 4.44  Train_SNR_After 9.36  Train_SNR_Imp 4.91  Val_SNR_Before 5.46  Val_SNR_After 9.46  Val_SNR_Imp 4.00
Epoch 3  Train_Loss 0.059179  Val_Loss 0.048205  Train_SNR_Before 4.44  Train_SNR_After 11.12  Train_SNR_Imp 6.68  Val_SNR_Before 5.46  Val_SNR_After 11.28  Val_SNR_Imp 5.82
Epoch 4  Train_Loss 0.048291  Val_Loss 0.045053  Train_SNR_Before 4.44  Train_SNR_After 12.62  Train_SNR_Imp 8.18  Val_SNR_Before 5.46  Val_SNR_After 12.70  Val_SNR_Imp 7.24
Epoch 5  Train_Loss 0.042831  Val_Loss 0.040767  Train_SNR_Before 4.44  Train_SNR_After 13.74  Train_SNR_Imp 9.29  Val_SNR_Before 5.46  Val_SNR_After 13.86  Val_SNR_Imp 8.40
Epoch 6  Train_Loss 0.039094  Val_Loss 0.040614  Train_SNR_Before 4.44  Train_SNR_After 14.36  Train_SNR_Imp 9.92  Val_SNR_Before 5.46  Val_SNR_After 14.58  Val_SNR_Imp 9.12
Epoch 7  Train_Loss 0.036775  Val_Loss 0.035864  Train_SNR_Before 4.44  Train_SNR_After 14.79  Train_SNR_Imp 10.35  Val_SNR_Before 5.46  Val_SNR_After 14.87  Val_SNR_Imp 9.40
Epoch 8  Train_Loss 0.034807  Val_Loss 0.035460  Train_SNR_Before 4.44  Train_SNR_After 15.05  Train_SNR_Imp 10.61  Val_SNR_Before 5.46  Val_SNR_After 15.28  Val_SNR_Imp 9.81
Epoch 9  Train_Loss 0.033714  Val_Loss 0.033497  Train_SNR_Before 4.44  Train_SNR_After 14.11  Train_SNR_Imp 9.67  Val_SNR_Before 5.46  Val_SNR_After 14.08  Val_SNR_Imp 8.62
Epoch 10  Train_Loss 0.031261  Val_Loss 0.032850  Train_SNR_Before 4.44  Train_SNR_After 14.47  Train_SNR_Imp 10.02  Val_SNR_Before 5.46  Val_SNR_After 14.82  Val_SNR_Imp 9.36
Epoch 11  Train_Loss 0.031372  Val_Loss 0.036286  Train_SNR_Before 4.44  Train_SNR_After 14.30  Train_SNR_Imp 9.86  Val_SNR_Before 5.46  Val_SNR_After 14.35  Val_SNR_Imp 8.89
Epoch 12  Train_Loss 0.029383  Val_Loss 0.038513  Train_SNR_Before 4.44  Train_SNR_After 15.53  Train_SNR_Imp 11.09  Val_SNR_Before 5.46  Val_SNR_After 15.32  Val_SNR_Imp 9.86
Epoch 13  Train_Loss 0.028452  Val_Loss 0.040500  Train_SNR_Before 4.44  Train_SNR_After 15.71  Train_SNR_Imp 11.27  Val_SNR_Before 5.46  Val_SNR_After 15.62  Val_SNR_Imp 10.16
Epoch 14  Train_Loss 0.027092  Val_Loss 0.032514  Train_SNR_Before 4.44  Train_SNR_After 14.96  Train_SNR_Imp 10.52  Val_SNR_Before 5.46  Val_SNR_After 15.16  Val_SNR_Imp 9.70
Epoch 15  Train_Loss 0.028713  Val_Loss 0.034759  Train_SNR_Before 4.44  Train_SNR_After 15.68  Train_SNR_Imp 11.24  Val_SNR_Before 5.46  Val_SNR_After 15.79  Val_SNR_Imp 10.32
Epoch 16  Train_Loss 0.025615  Val_Loss 0.042232  Train_SNR_Before 4.44  Train_SNR_After 15.82  Train_SNR_Imp 11.38  Val_SNR_Before 5.46  Val_SNR_After 15.17  Val_SNR_Imp 9.71
Epoch 17  Train_Loss 0.025328  Val_Loss 0.029946  Train_SNR_Before 4.44  Train_SNR_After 15.97  Train_SNR_Imp 11.53  Val_SNR_Before 5.46  Val_SNR_After 16.10  Val_SNR_Imp 10.63
Epoch 18  Train_Loss 0.024039  Val_Loss 0.032587  Train_SNR_Before 4.44  Train_SNR_After 15.02  Train_SNR_Imp 10.58  Val_SNR_Before 5.46  Val_SNR_After 14.41  Val_SNR_Imp 8.95
Epoch 19  Train_Loss 0.023436  Val_Loss 0.032520  Train_SNR_Before 4.44  Train_SNR_After 16.38  Train_SNR_Imp 11.94  Val_SNR_Before 5.46  Val_SNR_After 16.10  Val_SNR_Imp 10.64
Epoch 20  Train_Loss 0.024426  Val_Loss 0.037509  Train_SNR_Before 4.44  Train_SNR_After 16.21  Train_SNR_Imp 11.77  Val_SNR_Before 5.46  Val_SNR_After 15.78  Val_SNR_Imp 10.32
Epoch 21  Train_Loss 0.021907  Val_Loss 0.038617  Train_SNR_Before 4.44  Train_SNR_After 16.73  Train_SNR_Imp 12.28  Val_SNR_Before 5.46  Val_SNR_After 15.93  Val_SNR_Imp 10.47
Epoch 22  Train_Loss 0.019694  Val_Loss 0.039813  Train_SNR_Before 4.44  Train_SNR_After 17.25  Train_SNR_Imp 12.81  Val_SNR_Before 5.46  Val_SNR_After 16.20  Val_SNR_Imp 10.74
Epoch 23  Train_Loss 0.018906  Val_Loss 0.042892  Train_SNR_Before 4.44  Train_SNR_After 17.30  Train_SNR_Imp 12.86  Val_SNR_Before 5.46  Val_SNR_After 16.16  Val_SNR_Imp 10.70
Epoch 24  Train_Loss 0.018394  Val_Loss 0.045549  Train_SNR_Before 4.44  Train_SNR_After 17.35  Train_SNR_Imp 12.91  Val_SNR_Before 5.46  Val_SNR_After 15.93  Val_SNR_Imp 10.47
Epoch 25  Train_Loss 0.017885  Val_Loss 0.033030  Train_SNR_Before 4.44  Train_SNR_After 16.90  Train_SNR_Imp 12.46  Val_SNR_Before 5.46  Val_SNR_After 16.03  Val_SNR_Imp 10.57
Epoch 26  Train_Loss 0.016927  Val_Loss 0.049397  Train_SNR_Before 4.44  Train_SNR_After 17.80  Train_SNR_Imp 13.35  Val_SNR_Before 5.46  Val_SNR_After 16.05  Val_SNR_Imp 10.58
Epoch 27  Train_Loss 0.016309  Val_Loss 0.043659  Train_SNR_Before 4.44  Train_SNR_After 17.90  Train_SNR_Imp 13.46  Val_SNR_Before 5.46  Val_SNR_After 16.27  Val_SNR_Imp 10.80
Epoch 28  Train_Loss 0.016174  Val_Loss 0.044346  Train_SNR_Before 4.44  Train_SNR_After 17.89  Train_SNR_Imp 13.45  Val_SNR_Before 5.46  Val_SNR_After 16.19  Val_SNR_Imp 10.73
Epoch 29  Train_Loss 0.015789  Val_Loss 0.060039  Train_SNR_Before 4.44  Train_SNR_After 17.37  Train_SNR_Imp 12.93  Val_SNR_Before 5.46  Val_SNR_After 15.13  Val_SNR_Imp 9.66
Epoch 30  Train_Loss 0.015213  Val_Loss 0.044915  Train_SNR_Before 4.44  Train_SNR_After 17.94  Train_SNR_Imp 13.50  Val_SNR_Before 5.46  Val_SNR_After 16.09  Val_SNR_Imp 10.63
