Epoch 1  Train_Loss 0.654550  Val_Loss 0.125908  Train_SNR_Before 4.44  Train_SNR_After 4.06  Train_SNR_Imp -0.38  Val_SNR_Before 5.46  Val_SNR_After 4.07  Val_SNR_Imp -1.39
Epoch 2  Train_Loss 0.074199  Val_Loss 0.051424  Train_SNR_Before 4.44  Train_SNR_After 11.03  Train_SNR_Imp 6.59  Val_SNR_Before 5.46  Val_SNR_After 11.12  Val_SNR_Imp 5.66
Epoch 3  Train_Loss 0.048779  Val_Loss 0.039773  Train_SNR_Before 4.44  Train_SNR_After 12.90  Train_SNR_Imp 8.45  Val_SNR_Before 5.46  Val_SNR_After 13.26  Val_SNR_Imp 7.80
Epoch 4  Train_Loss 0.040960  Val_Loss 0.038064  Train_SNR_Before 4.44  Train_SNR_After 13.57  Train_SNR_Imp 9.12  Val_SNR_Before 5.46  Val_SNR_After 13.48  Val_SNR_Imp 8.02
Epoch 5  Train_Loss 0.037250  Val_Loss 0.035497  Train_SNR_Before 4.44  Train_SNR_After 14.48  Train_SNR_Imp 10.04  Val_SNR_Before 5.46  Val_SNR_After 14.36  Val_SNR_Imp 8.90
Epoch 6  Train_Loss 0.034064  Val_Loss 0.034142  Train_SNR_Before 4.44  Train_SNR_After 13.75  Train_SNR_Imp 9.30  Val_SNR_Before 5.46  Val_SNR_After 14.14  Val_SNR_Imp 8.68
Epoch 7  Train_Loss 0.032211  Val_Loss 0.036067  Train_SNR_Before 4.44  Train_SNR_After 15.21  Train_SNR_Imp 10.77  Val_SNR_Before 5.46  Val_SNR_After 15.32  Val_SNR_Imp 9.86
Epoch 8  Train_Loss 0.031568  Val_Loss 0.033486  Train_SNR_Before 4.44  Train_SNR_After 15.26  Train_SNR_Imp 10.82  Val_SNR_Before 5.46  Val_SNR_After 15.59  Val_SNR_Imp 10.13
Epoch 9  Train_Loss 0.029232  Val_Loss 0.034525  Train_SNR_Before 4.44  Train_SNR_After 15.87  Train_SNR_Imp 11.43  Val_SNR_Before 5.46  Val_SNR_After 15.77  Val_SNR_Imp 10.30
Epoch 10  Train_Loss 0.029534  Val_Loss 0.036487  Train_SNR_Before 4.44  Train_SNR_After 15.68  Train_SNR_Imp 11.24  Val_SNR_Before 5.46  Val_SNR_After 15.36  Val_SNR_Imp 9.90
Epoch 11  Train_Loss 0.027241  Val_Loss 0.032800  Train_SNR_Before 4.44  Train_SNR_After 16.10  Train_SNR_Imp 11.66  Val_SNR_Before 5.46  Val_SNR_After 15.75  Val_SNR_Imp 10.28
Epoch 12  Train_Loss 0.027322  Val_Loss 0.031269  Train_SNR_Before 4.44  Train_SNR_After 15.98  Train_SNR_Imp 11.54  Val_SNR_Before 5.46  Val_SNR_After 15.96  Val_SNR_Imp 10.50
Epoch 13  Train_Loss 0.026363  Val_Loss 0.035895  Train_SNR_Before 4.44  Train_SNR_After 16.35  Train_SNR_Imp 11.91  Val_SNR_Before 5.46  Val_SNR_After 16.03  Val_SNR_Imp 10.56
Epoch 14  Train_Loss 0.025289  Val_Loss 0.041824  Train_SNR_Before 4.44  Train_SNR_After 15.53  Train_SNR_Imp 11.09  Val_SNR_Before 5.46  Val_SNR_After 14.44  Val_SNR_Imp 8.98
Epoch 15  Train_Loss 0.024576  Val_Loss 0.035681  Train_SNR_Before 4.44  Train_SNR_After 15.91  Train_SNR_Imp 11.47  Val_SNR_Before 5.46  Val_SNR_After 15.71  Val_SNR_Imp 10.25
Epoch 16  Train_Loss 0.023247  Val_Loss 0.037902  Train_SNR_Before 4.44  Train_SNR_After 16.67  Train_SNR_Imp 12.22  Val_SNR_Before 5.46  Val_SNR_After 15.82  Val_SNR_Imp 10.35
Epoch 17  Train_Loss 0.021205  Val_Loss 0.040466  Train_SNR_Before 4.44  Train_SNR_After 16.88  Train_SNR_Imp 12.43  Val_SNR_Before 5.46  Val_SNR_After 15.97  Val_SNR_Imp 10.51
Epoch 18  Train_Loss 0.020563  Val_Loss 0.041255  Train_SNR_Before 4.44  Train_SNR_After 16.94  Train_SNR_Imp 12.50  Val_SNR_Before 5.46  Val_SNR_After 15.91  Val_SNR_Imp 10.45
Epoch 19  Train_Loss 0.019712  Val_Loss 0.051081  Train_SNR_Before 4.44  Train_SNR_After 16.77  Train_SNR_Imp 12.33  Val_SNR_Before 5.46  Val_SNR_After 15.66  Val_SNR_Imp 10.19
Epoch 20  Train_Loss 0.019240  Val_Loss 0.041556  Train_SNR_Before 4.44  Train_SNR_After 17.32  Train_SNR_Imp 12.88  Val_SNR_Before 5.46  Val_SNR_After 16.35  Val_SNR_Imp 10.89
Epoch 21  Train_Loss 0.017983  Val_Loss 0.056160  Train_SNR_Before 4.44  Train_SNR_After 17.64  Train_SNR_Imp 13.20  Val_SNR_Before 5.46  Val_SNR_After 15.86  Val_SNR_Imp 10.40
Epoch 22  Train_Loss 0.017566  Val_Loss 0.044073  Train_SNR_Before 4.44  Train_SNR_After 17.55  Train_SNR_Imp 13.10  Val_SNR_Before 5.46  Val_SNR_After 15.87  Val_SNR_Imp 10.40
Epoch 23  Train_Loss 0.017266  Val_Loss 0.044714  Train_SNR_Before 4.44  Train_SNR_After 17.81  Train_SNR_Imp 13.36  Val_SNR_Before 5.46  Val_SNR_After 16.28  Val_SNR_Imp 10.81
Epoch 24  Train_Loss 0.016791  Val_Loss 0.045881  Train_SNR_Before 4.44  Train_SNR_After 17.75  Train_SNR_Imp 13.31  Val_SNR_Before 5.46  Val_SNR_After 16.11  Val_SNR_Imp 10.65
Epoch 25  Train_Loss 0.016112  Val_Loss 0.048039  Train_SNR_Before 4.44  Train_SNR_After 17.94  Train_SNR_Imp 13.50  Val_SNR_Before 5.46  Val_SNR_After 16.28  Val_SNR_Imp 10.81
Epoch 26  Train_Loss 0.015816  Val_Loss 0.049992  Train_SNR_Before 4.44  Train_SNR_After 17.99  Train_SNR_Imp 13.55  Val_SNR_Before 5.46  Val_SNR_After 16.03  Val_SNR_Imp 10.56
Epoch 27  Train_Loss 0.015586  Val_Loss 0.048963  Train_SNR_Before 4.44  Train_SNR_After 17.95  Train_SNR_Imp 13.51  Val_SNR_Before 5.46  Val_SNR_After 16.16  Val_SNR_Imp 10.69
Epoch 28  Train_Loss 0.015292  Val_Loss 0.045121  Train_SNR_Before 4.44  Train_SNR_After 18.02  Train_SNR_Imp 13.57  Val_SNR_Before 5.46  Val_SNR_After 16.34  Val_SNR_Imp 10.88
Epoch 29  Train_Loss 0.014925  Val_Loss 0.049771  Train_SNR_Before 4.44  Train_SNR_After 18.19  Train_SNR_Imp 13.75  Val_SNR_Before 5.46  Val_SNR_After 16.10  Val_SNR_Imp 10.64
Epoch 30  Train_Loss 0.014727  Val_Loss 0.049878  Train_SNR_Before 4.44  Train_SNR_After 18.23  Train_SNR_Imp 13.79  Val_SNR_Before 5.46  Val_SNR_After 16.16  Val_SNR_Imp 10.69
