Epoch 1  Train_Loss 0.976817  Val_Loss 1.015362  Train_SNR_Before 4.44  Train_SNR_After -17.87  Train_SNR_Imp -22.31  Val_SNR_Before 5.46  Val_SNR_After -18.13  Val_SNR_Imp -23.59
Epoch 2  Train_Loss 0.978143  Val_Loss 0.950204  Train_SNR_Before 4.44  Train_SNR_After -10.99  Train_SNR_Imp -15.43  Val_SNR_Before 5.46  Val_SNR_After -10.76  Val_SNR_Imp -16.22
Epoch 3  Train_Loss 0.628724  Val_Loss 0.171065  Train_SNR_Before 4.44  Train_SNR_After 0.56  Train_SNR_Imp -3.88  Val_SNR_Before 5.46  Val_SNR_After 0.74  Val_SNR_Imp -4.73
Epoch 4  Train_Loss 0.100857  Val_Loss 0.058935  Train_SNR_Before 4.44  Train_SNR_After 9.06  Train_SNR_Imp 4.62  Val_SNR_Before 5.46  Val_SNR_After 8.97  Val_SNR_Imp 3.50
Epoch 5  Train_Loss 0.057328  Val_Loss 0.044556  Train_SNR_Before 4.44  Train_SNR_After 11.43  Train_SNR_Imp 6.99  Val_SNR_Before 5.46  Val_SNR_After 11.58  Val_SNR_Imp 6.11
Epoch 6  Train_Loss 0.051669  Val_Loss 0.039113  Train_SNR_Before 4.44  Train_SNR_After 12.81  Train_SNR_Imp 8.37  Val_SNR_Before 5.46  Val_SNR_After 12.99  Val_SNR_Imp 7.52
Epoch 7  Train_Loss 0.040821  Val_Loss 0.038034  Train_SNR_Before 4.44  Train_SNR_After 13.63  Train_SNR_Imp 9.19  Val_SNR_Before 5.46  Val_SNR_After 13.78  Val_SNR_Imp 8.32
Epoch 8  Train_Loss 0.039072  Val_Loss 0.037964  Train_SNR_Before 4.44  Train_SNR_After 13.93  Train_SNR_Imp 9.49  Val_SNR_Before 5.46  Val_SNR_After 13.83  Val_SNR_Imp 8.37
Epoch 9  Train_Loss 0.036000  Val_Loss 0.039781  Train_SNR_Before 4.44  Train_SNR_After 13.38  Train_SNR_Imp 8.93  Val_SNR_Before 5.46  Val_SNR_After 13.24  Val_SNR_Imp 7.78
Epoch 10  Train_Loss 0.035871  Val_Loss 0.037083  Train_SNR_Before 4.44  Train_SNR_After 14.61  Train_SNR_Imp 10.16  Val_SNR_Before 5.46  Val_SNR_After 14.96  Val_SNR_Imp 9.50
Epoch 11  Train_Loss 0.032772  Val_Loss 0.037765  Train_SNR_Before 4.44  Train_SNR_After 14.68  Train_SNR_Imp 10.23  Val_SNR_Before 5.46  Val_SNR_After 15.06  Val_SNR_Imp 9.60
Epoch 12  Train_Loss 0.031986  Val_Loss 0.031764  Train_SNR_Before 4.44  Train_SNR_After 15.43  Train_SNR_Imp 10.98  Val_SNR_Before 5.46  Val_SNR_After 15.72  Val_SNR_Imp 10.26
Epoch 13  Train_Loss 0.030594  Val_Loss 0.032589  Train_SNR_Before 4.44  Train_SNR_After 15.38  Train_SNR_Imp 10.93  Val_SNR_Before 5.46  Val_SNR_After 15.58  Val_SNR_Imp 10.11
Epoch 14  Train_Loss 0.029741  Val_Loss 0.032477  Train_SNR_Before 4.44  Train_SNR_After 15.82  Train_SNR_Imp 11.37  Val_SNR_Before 5.46  Val_SNR_After 15.86  Val_SNR_Imp 10.40
Epoch 15  Train_Loss 0.028938  Val_Loss 0.032343  Train_SNR_Before 4.44  Train_SNR_After 15.89  Train_SNR_Imp 11.45  Val_SNR_Before 5.46  Val_SNR_After 15.94  Val_SNR_Imp 10.47
Epoch 16  Train_Loss 0.027136  Val_Loss 0.041786  Train_SNR_Before 4.44  Train_SNR_After 15.60  Train_SNR_Imp 11.16  Val_SNR_Before 5.46  Val_SNR_After 15.41  Val_SNR_Imp 9.95
Epoch 17  Train_Loss 0.026303  Val_Loss 0.033006  Train_SNR_Before 4.44  Train_SNR_After 15.50  Train_SNR_Imp 11.06  Val_SNR_Before 5.46  Val_SNR_After 15.69  Val_SNR_Imp 10.23
Epoch 18  Train_Loss 0.024966  Val_Loss 0.049591  Train_SNR_Before 4.44  Train_SNR_After 16.49  Train_SNR_Imp 12.05  Val_SNR_Before 5.46  Val_SNR_After 15.63  Val_SNR_Imp 10.16
Epoch 19  Train_Loss 0.024255  Val_Loss 0.030966  Train_SNR_Before 4.44  Train_SNR_After 16.54  Train_SNR_Imp 12.10  Val_SNR_Before 5.46  Val_SNR_After 16.41  Val_SNR_Imp 10.95
Epoch 20  Train_Loss 0.023926  Val_Loss 0.042821  Train_SNR_Before 4.44  Train_SNR_After 16.68  Train_SNR_Imp 12.24  Val_SNR_Before 5.46  Val_SNR_After 15.91  Val_SNR_Imp 10.45
Epoch 21  Train_Loss 0.023211  Val_Loss 0.030576  Train_SNR_Before 4.44  Train_SNR_After 16.15  Train_SNR_Imp 11.71  Val_SNR_Before 5.46  Val_SNR_After 15.85  Val_SNR_Imp 10.39
Epoch 22  Train_Loss 0.022963  Val_Loss 0.036655  Train_SNR_Before 4.44  Train_SNR_After 17.01  Train_SNR_Imp 12.57  Val_SNR_Before 5.46  Val_SNR_After 16.24  Val_SNR_Imp 10.77
Epoch 23  Train_Loss 0.022199  Val_Loss 0.032412  Train_SNR_Before 4.44  Train_SNR_After 16.16  Train_SNR_Imp 11.71  Val_SNR_Before 5.46  Val_SNR_After 15.95  Val_SNR_Imp 10.49
Epoch 24  Train_Loss 0.021805  Val_Loss 0.040478  Train_SNR_Before 4.44  Train_SNR_After 16.91  Train_SNR_Imp 12.47  Val_SNR_Before 5.46  Val_SNR_After 16.08  Val_SNR_Imp 10.61
Epoch 25  Train_Loss 0.021297  Val_Loss 0.047506  Train_SNR_Before 4.44  Train_SNR_After 16.81  Train_SNR_Imp 12.37  Val_SNR_Before 5.46  Val_SNR_After 15.46  Val_SNR_Imp 9.99
Epoch 26  Train_Loss 0.019853  Val_Loss 0.054134  Train_SNR_Before 4.44  Train_SNR_After 17.16  Train_SNR_Imp 12.72  Val_SNR_Before 5.46  Val_SNR_After 15.69  Val_SNR_Imp 10.22
Epoch 27  Train_Loss 0.019467  Val_Loss 0.042479  Train_SNR_Before 4.44  Train_SNR_After 17.03  Train_SNR_Imp 12.59  Val_SNR_Before 5.46  Val_SNR_After 16.08  Val_SNR_Imp 10.61
Epoch 28  Train_Loss 0.019042  Val_Loss 0.039203  Train_SNR_Before 4.44  Train_SNR_After 17.45  Train_SNR_Imp 13.01  Val_SNR_Before 5.46  Val_SNR_After 16.30  Val_SNR_Imp 10.83
Epoch 29  Train_Loss 0.018622  Val_Loss 0.039318  Train_SNR_Before 4.44  Train_SNR_After 17.56  Train_SNR_Imp 13.12  Val_SNR_Before 5.46  Val_SNR_After 16.29  Val_SNR_Imp 10.82
Epoch 30  Train_Loss 0.017956  Val_Loss 0.040757  Train_SNR_Before 4.44  Train_SNR_After 17.62  Train_SNR_Imp 13.17  Val_SNR_Before 5.46  Val_SNR_After 16.26  Val_SNR_Imp 10.79
