Epoch 1  Train_Loss 0.458761  Val_Loss 0.066546  Train_SNR_Before 4.44  Train_SNR_After 8.92  Train_SNR_Imp 4.48  Val_SNR_Before 5.46  Val_SNR_After 8.95  Val_SNR_Imp 3.49
Epoch 2  Train_Loss 0.058978  Val_Loss 0.044867  Train_SNR_Before 4.44  Train_SNR_After 12.18  Train_SNR_Imp 7.73  Val_SNR_Before 5.46  Val_SNR_After 12.58  Val_SNR_Imp 7.12
Epoch 3  Train_Loss 0.047595  Val_Loss 0.039282  Train_SNR_Before 4.44  Train_SNR_After 12.89  Train_SNR_Imp 8.45  Val_SNR_Before 5.46  Val_SNR_After 12.84  Val_SNR_Imp 7.38
Epoch 4  Train_Loss 0.039602  Val_Loss 0.035239  Train_SNR_Before 4.44  Train_SNR_After 14.64  Train_SNR_Imp 10.19  Val_SNR_Before 5.46  Val_SNR_After 14.99  Val_SNR_Imp 9.53
Epoch 5  Train_Loss 0.036345  Val_Loss 0.033950  Train_SNR_Before 4.44  Train_SNR_After 14.95  Train_SNR_Imp 10.51  Val_SNR_Before 5.46  Val_SNR_After 15.39  Val_SNR_Imp 9.93
Epoch 6  Train_Loss 0.034185  Val_Loss 0.036558  Train_SNR_Before 4.44  Train_SNR_After 13.11  Train_SNR_Imp 8.67  Val_SNR_Before 5.46  Val_SNR_After 12.90  Val_SNR_Imp 7.44
Epoch 7  Train_Loss 0.032443  Val_Loss 0.033961  Train_SNR_Before 4.44  Train_SNR_After 14.90  Train_SNR_Imp 10.45  Val_SNR_Before 5.46  Val_SNR_After 15.27  Val_SNR_Imp 9.80
Epoch 8  Train_Loss 0.031659  Val_Loss 0.032293  Train_SNR_Before 4.44  Train_SNR_After 14.68  Train_SNR_Imp 10.23  Val_SNR_Before 5.46  Val_SNR_After 14.65  Val_SNR_Imp 9.18
Epoch 9  Train_Loss 0.029634  Val_Loss 0.036611  Train_SNR_Before 4.44  Train_SNR_After 15.05  Train_SNR_Imp 10.61  Val_SNR_Before 5.46  Val_SNR_After 15.42  Val_SNR_Imp 9.95
Epoch 10  Train_Loss 0.030535  Val_Loss 0.030747  Train_SNR_Before 4.44  Train_SNR_After 16.04  Train_SNR_Imp 11.60  Val_SNR_Before 5.46  Val_SNR_After 16.09  Val_SNR_Imp 10.63
Epoch 11  Train_Loss 0.028263  Val_Loss 0.034022  Train_SNR_Before 4.44  Train_SNR_After 16.13  Train_SNR_Imp 11.68  Val_SNR_Before 5.46  Val_SNR_After 15.85  Val_SNR_Imp 10.38
Epoch 12  Train_Loss 0.026265  Val_Loss 0.032244  Train_SNR_Before 4.44  Train_SNR_After 15.64  Train_SNR_Imp 11.19  Val_SNR_Before 5.46  Val_SNR_After 15.41  Val_SNR_Imp 9.94
Epoch 13  Train_Loss 0.027538  Val_Loss 0.030062  Train_SNR_Before 4.44  Train_SNR_After 15.77  Train_SNR_Imp 11.33  Val_SNR_Before 5.46  Val_SNR_After 15.43  Val_SNR_Imp 9.96
Epoch 14  Train_Loss 0.024914  Val_Loss 0.031949  Train_SNR_Before 4.44  Train_SNR_After 16.53  Train_SNR_Imp 12.09  Val_SNR_Before 5.46  Val_SNR_After 16.14  Val_SNR_Imp 10.68
Epoch 15  Train_Loss 0.023595  Val_Loss 0.044455  Train_SNR_Before 4.44  Train_SNR_After 16.62  Train_SNR_Imp 12.17  Val_SNR_Before 5.46  Val_SNR_After 15.74  Val_SNR_Imp 10.28
Epoch 16  Train_Loss 0.023501  Val_Loss 0.030084  Train_SNR_Before 4.44  Train_SNR_After 16.07  Train_SNR_Imp 11.63  Val_SNR_Before 5.46  Val_SNR_After 15.58  Val_SNR_Imp 10.12
Epoch 17  Train_Loss 0.022082  Val_Loss 0.036439  Train_SNR_Before 4.44  Train_SNR_After 16.72  Train_SNR_Imp 12.28  Val_SNR_Before 5.46  Val_SNR_After 15.90  Val_SNR_Imp 10.43
Epoch 18  Train_Loss 0.020270  Val_Loss 0.031665  Train_SNR_Before 4.44  Train_SNR_After 16.85  Train_SNR_Imp 12.41  Val_SNR_Before 5.46  Val_SNR_After 16.43  Val_SNR_Imp 10.97
Epoch 19  Train_Loss 0.019471  Val_Loss 0.035138  Train_SNR_Before 4.44  Train_SNR_After 16.81  Train_SNR_Imp 12.37  Val_SNR_Before 5.46  Val_SNR_After 15.72  Val_SNR_Imp 10.25
Epoch 20  Train_Loss 0.018929  Val_Loss 0.036299  Train_SNR_Before 4.44  Train_SNR_After 17.16  Train_SNR_Imp 12.72  Val_SNR_Before 5.46  Val_SNR_After 16.17  Val_SNR_Imp 10.71
Epoch 21  Train_Loss 0.018171  Val_Loss 0.034046  Train_SNR_Before 4.44  Train_SNR_After 16.24  Train_SNR_Imp 11.79  Val_SNR_Before 5.46  Val_SNR_After 15.82  Val_SNR_Imp 10.35
Epoch 22  Train_Loss 0.017225  Val_Loss 0.038903  Train_SNR_Before 4.44  Train_SNR_After 17.59  Train_SNR_Imp 13.15  Val_SNR_Before 5.46  Val_SNR_After 16.35  Val_SNR_Imp 10.89
Epoch 23  Train_Loss 0.016802  Val_Loss 0.041813  Train_SNR_Before 4.44  Train_SNR_After 17.81  Train_SNR_Imp 13.37  Val_SNR_Before 5.46  Val_SNR_After 16.25  Val_SNR_Imp 10.78
Epoch 24  Train_Loss 0.016431  Val_Loss 0.047573  Train_SNR_Before 4.44  Train_SNR_After 17.78  Train_SNR_Imp 13.34  Val_SNR_Before 5.46  Val_SNR_After 15.98  Val_SNR_Imp 10.51
Epoch 25  Train_Loss 0.016094  Val_Loss 0.038032  Train_SNR_Before 4.44  Train_SNR_After 17.84  Train_SNR_Imp 13.39  Val_SNR_Before 5.46  Val_SNR_After 16.45  Val_SNR_Imp 10.99
Epoch 26  Train_Loss 0.015406  Val_Loss 0.038016  Train_SNR_Before 4.44  Train_SNR_After 17.89  Train_SNR_Imp 13.44  Val_SNR_Before 5.46  Val_SNR_After 16.42  Val_SNR_Imp 10.96
Epoch 27  Train_Loss 0.015096  Val_Loss 0.042698  Train_SNR_Before 4.44  Train_SNR_After 17.85  Train_SNR_Imp 13.41  Val_SNR_Before 5.46  Val_SNR_After 16.18  Val_SNR_Imp 10.72
Epoch 28  Train_Loss 0.014963  Val_Loss 0.047470  Train_SNR_Before 4.44  Train_SNR_After 18.14  Train_SNR_Imp 13.70  Val_SNR_Before 5.46  Val_SNR_After 16.10  Val_SNR_Imp 10.63
Epoch 29  Train_Loss 0.014757  Val_Loss 0.036465  Train_SNR_Before 4.44  Train_SNR_After 18.16  Train_SNR_Imp 13.72  Val_SNR_Before 5.46  Val_SNR_After 16.46  Val_SNR_Imp 10.99
Epoch 30  Train_Loss 0.014384  Val_Loss 0.047538  Train_SNR_Before 4.44  Train_SNR_After 18.09  Train_SNR_Imp 13.65  Val_SNR_Before 5.46  Val_SNR_After 16.11  Val_SNR_Imp 10.64
