Epoch 1  Train_Loss 0.535250  Val_Loss 0.089783  Train_SNR_Before 4.44  Train_SNR_After 5.84  Train_SNR_Imp 1.39  Val_SNR_Before 5.46  Val_SNR_After 6.29  Val_SNR_Imp 0.83
Epoch 2  Train_Loss 0.072033  Val_Loss 0.057673  Train_SNR_Before 4.44  Train_SNR_After 10.80  Train_SNR_Imp 6.36  Val_SNR_Before 5.46  Val_SNR_After 10.92  Val_SNR_Imp 5.45
Epoch 3  Train_Loss 0.053072  Val_Loss 0.045171  Train_SNR_Before 4.44  Train_SNR_After 12.15  Train_SNR_Imp 7.71  Val_SNR_Before 5.46  Val_SNR_After 12.46  Val_SNR_Imp 7.00
Epoch 4  Train_Loss 0.046155  Val_Loss 0.040320  Train_SNR_Before 4.44  Train_SNR_After 13.11  Train_SNR_Imp 8.67  Val_SNR_Before 5.46  Val_SNR_After 13.04  Val_SNR_Imp 7.57
Epoch 5  Train_Loss 0.039658  Val_Loss 0.043319  Train_SNR_Before 4.44  Train_SNR_After 12.81  Train_SNR_Imp 8.37  Val_SNR_Before 5.46  Val_SNR_After 12.79  Val_SNR_Imp 7.33
Epoch 6  Train_Loss 0.039343  Val_Loss 0.035357  Train_SNR_Before 4.44  Train_SNR_After 13.78  Train_SNR_Imp 9.34  Val_SNR_Before 5.46  Val_SNR_After 13.51  Val_SNR_Imp 8.05
Epoch 7  Train_Loss 0.034041  Val_Loss 0.034529  Train_SNR_Before 4.44  Train_SNR_After 14.83  Train_SNR_Imp 10.39  Val_SNR_Before 5.46  Val_SNR_After 15.04  Val_SNR_Imp 9.57
Epoch 8  Train_Loss 0.033610  Val_Loss 0.041434  Train_SNR_Before 4.44  Train_SNR_After 14.53  Train_SNR_Imp 10.09  Val_SNR_Before 5.46  Val_SNR_After 14.49  Val_SNR_Imp 9.03
Epoch 9  Train_Loss 0.032733  Val_Loss 0.032568  Train_SNR_Before 4.44  Train_SNR_After 15.04  Train_SNR_Imp 10.59  Val_SNR_Before 5.46  Val_SNR_After 15.33  Val_SNR_Imp 9.86
Epoch 10  Train_Loss 0.030704  Val_Loss 0.042563  Train_SNR_Before 4.44  Train_SNR_After 15.40  Train_SNR_Imp 10.95  Val_SNR_Before 5.46  Val_SNR_After 15.24  Val_SNR_Imp 9.77
Epoch 11  Train_Loss 0.029527  Val_Loss 0.030305  Train_SNR_Before 4.44  Train_SNR_After 16.09  Train_SNR_Imp 11.65  Val_SNR_Before 5.46  Val_SNR_After 16.12  Val_SNR_Imp 10.66
Epoch 12  Train_Loss 0.028592  Val_Loss 0.032370  Train_SNR_Before 4.44  Train_SNR_After 16.20  Train_SNR_Imp 11.76  Val_SNR_Before 5.46  Val_SNR_After 15.93  Val_SNR_Imp 10.46
Epoch 13  Train_Loss 0.029723  Val_Loss 0.033410  Train_SNR_Before 4.44  Train_SNR_After 15.76  Train_SNR_Imp 11.31  Val_SNR_Before 5.46  Val_SNR_After 15.50  Val_SNR_Imp 10.04
Epoch 14  Train_Loss 0.026426  Val_Loss 0.033479  Train_SNR_Before 4.44  Train_SNR_After 16.02  Train_SNR_Imp 11.57  Val_SNR_Before 5.46  Val_SNR_After 15.53  Val_SNR_Imp 10.07
Epoch 15  Train_Loss 0.025397  Val_Loss 0.030237  Train_SNR_Before 4.44  Train_SNR_After 16.32  Train_SNR_Imp 11.87  Val_SNR_Before 5.46  Val_SNR_After 15.82  Val_SNR_Imp 10.36
Epoch 16  Train_Loss 0.025250  Val_Loss 0.038799  Train_SNR_Before 4.44  Train_SNR_After 14.88  Train_SNR_Imp 10.44  Val_SNR_Before 5.46  Val_SNR_After 14.80  Val_SNR_Imp 9.33
Epoch 17  Train_Loss 0.023660  Val_Loss 0.038961  Train_SNR_Before 4.44  Train_SNR_After 16.22  Train_SNR_Imp 11.78  Val_SNR_Before 5.46  Val_SNR_After 15.54  Val_SNR_Imp 10.07
Epoch 18  Train_Loss 0.022867  Val_Loss 0.033247  Train_SNR_Before 4.44  Train_SNR_After 16.48  Train_SNR_Imp 12.04  Val_SNR_Before 5.46  Val_SNR_After 16.19  Val_SNR_Imp 10.73
Epoch 19  Train_Loss 0.022786  Val_Loss 0.038466  Train_SNR_Before 4.44  Train_SNR_After 16.51  Train_SNR_Imp 12.07  Val_SNR_Before 5.46  Val_SNR_After 15.88  Val_SNR_Imp 10.42
Epoch 20  Train_Loss 0.020063  Val_Loss 0.038564  Train_SNR_Before 4.44  Train_SNR_After 17.18  Train_SNR_Imp 12.74  Val_SNR_Before 5.46  Val_SNR_After 16.09  Val_SNR_Imp 10.62
Epoch 21  Train_Loss 0.019479  Val_Loss 0.040657  Train_SNR_Before 4.44  Train_SNR_After 16.93  Train_SNR_Imp 12.49  Val_SNR_Before 5.46  Val_SNR_After 16.00  Val_SNR_Imp 10.53
Epoch 22  Train_Loss 0.018658  Val_Loss 0.062473  Train_SNR_Before 4.44  Train_SNR_After 17.11  Train_SNR_Imp 12.67  Val_SNR_Before 5.46  Val_SNR_After 15.08  Val_SNR_Imp 9.62
Epoch 23  Train_Loss 0.017867  Val_Loss 0.052686  Train_SNR_Before 4.44  Train_SNR_After 17.18  Train_SNR_Imp 12.74  Val_SNR_Before 5.46  Val_SNR_After 15.43  Val_SNR_Imp 9.97
Epoch 24  Train_Loss 0.016837  Val_Loss 0.040302  Train_SNR_Before 4.44  Train_SNR_After 17.52  Train_SNR_Imp 13.08  Val_SNR_Before 5.46  Val_SNR_After 16.22  Val_SNR_Imp 10.76
Epoch 25  Train_Loss 0.016239  Val_Loss 0.042565  Train_SNR_Before 4.44  Train_SNR_After 17.62  Train_SNR_Imp 13.18  Val_SNR_Before 5.46  Val_SNR_After 16.08  Val_SNR_Imp 10.62
Epoch 26  Train_Loss 0.015980  Val_Loss 0.043248  Train_SNR_Before 4.44  Train_SNR_After 17.93  Train_SNR_Imp 13.49  Val_SNR_Before 5.46  Val_SNR_After 16.23  Val_SNR_Imp 10.76
Epoch 27  Train_Loss 0.015724  Val_Loss 0.058114  Train_SNR_Before 4.44  Train_SNR_After 17.81  Train_SNR_Imp 13.37  Val_SNR_Before 5.46  Val_SNR_After 15.56  Val_SNR_Imp 10.10
Epoch 28  Train_Loss 0.015169  Val_Loss 0.046891  Train_SNR_Before 4.44  Train_SNR_After 17.64  Train_SNR_Imp 13.20  Val_SNR_Before 5.46  Val_SNR_After 15.93  Val_SNR_Imp 10.47
Epoch 29  Train_Loss 0.014727  Val_Loss 0.045062  Train_SNR_Before 4.44  Train_SNR_After 18.13  Train_SNR_Imp 13.69  Val_SNR_Before 5.46  Val_SNR_After 16.18  Val_SNR_Imp 10.72
Epoch 30  Train_Loss 0.014537  Val_Loss 0.046468  Train_SNR_Before 4.44  Train_SNR_After 18.04  Train_SNR_Imp 13.60  Val_SNR_Before 5.46  Val_SNR_After 16.07  Val_SNR_Imp 10.61
