Epoch 1  Train_Loss 0.645273  Val_Loss 0.119427  Train_SNR_Before 4.44  Train_SNR_After 4.22  Train_SNR_Imp -0.23  Val_SNR_Before 5.46  Val_SNR_After 4.44  Val_SNR_Imp -1.02
Epoch 2  Train_Loss 0.079061  Val_Loss 0.052218  Train_SNR_Before 4.44  Train_SNR_After 10.96  Train_SNR_Imp 6.52  Val_SNR_Before 5.46  Val_SNR_After 10.93  Val_SNR_Imp 5.47
Epoch 3  Train_Loss 0.053930  Val_Loss 0.042348  Train_SNR_Before 4.44  Train_SNR_After 12.45  Train_SNR_Imp 8.01  Val_SNR_Before 5.46  Val_SNR_After 12.64  Val_SNR_Imp 7.18
Epoch 4  Train_Loss 0.048227  Val_Loss 0.040376  Train_SNR_Before 4.44  Train_SNR_After 12.28  Train_SNR_Imp 7.84  Val_SNR_Before 5.46  Val_SNR_After 12.09  Val_SNR_Imp 6.63
Epoch 5  Train_Loss 0.043325  Val_Loss 0.037179  Train_SNR_Before 4.44  Train_SNR_After 14.32  Train_SNR_Imp 9.88  Val_SNR_Before 5.46  Val_SNR_After 14.54  Val_SNR_Imp 9.07
Epoch 6  Train_Loss 0.037721  Val_Loss 0.035412  Train_SNR_Before 4.44  Train_SNR_After 14.49  Train_SNR_Imp 10.04  Val_SNR_Before 5.46  Val_SNR_After 14.89  Val_SNR_Imp 9.43
Epoch 7  Train_Loss 0.037144  Val_Loss 0.034393  Train_SNR_Before 4.44  Train_SNR_After 13.70  Train_SNR_Imp 9.26  Val_SNR_Before 5.46  Val_SNR_After 13.75  Val_SNR_Imp 8.28
Epoch 8  Train_Loss 0.036732  Val_Loss 0.033596  Train_SNR_Before 4.44  Train_SNR_After 14.91  Train_SNR_Imp 10.46  Val_SNR_Before 5.46  Val_SNR_After 15.20  Val_SNR_Imp 9.74
Epoch 9  Train_Loss 0.032529  Val_Loss 0.032830  Train_SNR_Before 4.44  Train_SNR_After 15.10  Train_SNR_Imp 10.66  Val_SNR_Before 5.46  Val_SNR_After 15.09  Val_SNR_Imp 9.62
Epoch 10  Train_Loss 0.032629  Val_Loss 0.033469  Train_SNR_Before 4.44  Train_SNR_After 15.65  Train_SNR_Imp 11.21  Val_SNR_Before 5.46  Val_SNR_After 15.50  Val_SNR_Imp 10.04
Epoch 11  Train_Loss 0.029902  Val_Loss 0.036014  Train_SNR_Before 4.44  Train_SNR_After 14.25  Train_SNR_Imp 9.81  Val_SNR_Before 5.46  Val_SNR_After 14.47  Val_SNR_Imp 9.01
Epoch 12  Train_Loss 0.028490  Val_Loss 0.036699  Train_SNR_Before 4.44  Train_SNR_After 15.59  Train_SNR_Imp 11.14  Val_SNR_Before 5.46  Val_SNR_After 15.53  Val_SNR_Imp 10.06
Epoch 13  Train_Loss 0.028970  Val_Loss 0.032391  Train_SNR_Before 4.44  Train_SNR_After 15.18  Train_SNR_Imp 10.74  Val_SNR_Before 5.46  Val_SNR_After 14.67  Val_SNR_Imp 9.20
Epoch 14  Train_Loss 0.027834  Val_Loss 0.031947  Train_SNR_Before 4.44  Train_SNR_After 15.96  Train_SNR_Imp 11.52  Val_SNR_Before 5.46  Val_SNR_After 15.75  Val_SNR_Imp 10.28
Epoch 15  Train_Loss 0.025941  Val_Loss 0.045439  Train_SNR_Before 4.44  Train_SNR_After 15.87  Train_SNR_Imp 11.43  Val_SNR_Before 5.46  Val_SNR_After 14.88  Val_SNR_Imp 9.42
Epoch 16  Train_Loss 0.025219  Val_Loss 0.031272  Train_SNR_Before 4.44  Train_SNR_After 16.18  Train_SNR_Imp 11.74  Val_SNR_Before 5.46  Val_SNR_After 15.87  Val_SNR_Imp 10.40
Epoch 17  Train_Loss 0.025184  Val_Loss 0.031883  Train_SNR_Before 4.44  Train_SNR_After 16.16  Train_SNR_Imp 11.72  Val_SNR_Before 5.46  Val_SNR_After 15.35  Val_SNR_Imp 9.89
Epoch 18  Train_Loss 0.024234  Val_Loss 0.036482  Train_SNR_Before 4.44  Train_SNR_After 16.27  Train_SNR_Imp 11.83  Val_SNR_Before 5.46  Val_SNR_After 15.51  Val_SNR_Imp 10.05
Epoch 19  Train_Loss 0.022259  Val_Loss 0.035603  Train_SNR_Before 4.44  Train_SNR_After 16.74  Train_SNR_Imp 12.29  Val_SNR_Before 5.46  Val_SNR_After 15.80  Val_SNR_Imp 10.33
Epoch 20  Train_Loss 0.021286  Val_Loss 0.043668  Train_SNR_Before 4.44  Train_SNR_After 16.77  Train_SNR_Imp 12.33  Val_SNR_Before 5.46  Val_SNR_After 15.47  Val_SNR_Imp 10.01
Epoch 21  Train_Loss 0.019063  Val_Loss 0.043035  Train_SNR_Before 4.44  Train_SNR_After 17.13  Train_SNR_Imp 12.69  Val_SNR_Before 5.46  Val_SNR_After 15.56  Val_SNR_Imp 10.09
Epoch 22  Train_Loss 0.018265  Val_Loss 0.040522  Train_SNR_Before 4.44  Train_SNR_After 17.32  Train_SNR_Imp 12.88  Val_SNR_Before 5.46  Val_SNR_After 16.12  Val_SNR_Imp 10.66
Epoch 23  Train_Loss 0.017617  Val_Loss 0.044173  Train_SNR_Before 4.44  Train_SNR_After 17.69  Train_SNR_Imp 13.25  Val_SNR_Before 5.46  Val_SNR_After 16.04  Val_SNR_Imp 10.57
Epoch 24  Train_Loss 0.016841  Val_Loss 0.050828  Train_SNR_Before 4.44  Train_SNR_After 17.57  Train_SNR_Imp 13.12  Val_SNR_Before 5.46  Val_SNR_After 15.78  Val_SNR_Imp 10.32
Epoch 25  Train_Loss 0.015732  Val_Loss 0.043212  Train_SNR_Before 4.44  Train_SNR_After 17.81  Train_SNR_Imp 13.37  Val_SNR_Before 5.46  Val_SNR_After 16.12  Val_SNR_Imp 10.65
Epoch 26  Train_Loss 0.015347  Val_Loss 0.049519  Train_SNR_Before 4.44  Train_SNR_After 18.03  Train_SNR_Imp 13.59  Val_SNR_Before 5.46  Val_SNR_After 15.89  Val_SNR_Imp 10.42
Epoch 27  Train_Loss 0.014967  Val_Loss 0.058623  Train_SNR_Before 4.44  Train_SNR_After 17.74  Train_SNR_Imp 13.30  Val_SNR_Before 5.46  Val_SNR_After 15.60  Val_SNR_Imp 10.13
Epoch 28  Train_Loss 0.014606  Val_Loss 0.046778  Train_SNR_Before 4.44  Train_SNR_After 18.04  Train_SNR_Imp 13.60  Val_SNR_Before 5.46  Val_SNR_After 16.06  Val_SNR_Imp 10.60
Epoch 29  Train_Loss 0.013979  Val_Loss 0.047362  Train_SNR_Before 4.44  Train_SNR_After 18.32  Train_SNR_Imp 13.88  Val_SNR_Before 5.46  Val_SNR_After 16.02  Val_SNR_Imp 10.55
Epoch 30  Train_Loss 0.013737  Val_Loss 0.050103  Train_SNR_Before 4.44  Train_SNR_After 18.33  Train_SNR_Imp 13.89  Val_SNR_Before 5.46  Val_SNR_After 16.03  Val_SNR_Imp 10.56
